\BOOKMARK [0][-]{chapter*.1}{Abstract}{}% 1
\BOOKMARK [0][-]{chapter*.2}{List of Figures}{}% 2
\BOOKMARK [0][-]{chapter*.3}{List of Tables}{}% 3
\BOOKMARK [0][-]{chapter.1}{Introduction to Improvised Visual Summarizer using Denoising Algorithm}{}% 4
\BOOKMARK [1][-]{section.1.1}{Introduction}{chapter.1}% 5
\BOOKMARK [1][-]{section.1.2}{Problem statement}{chapter.1}% 6
\BOOKMARK [1][-]{section.1.3}{Objectives}{chapter.1}% 7
\BOOKMARK [1][-]{section.1.4}{Literature Review}{chapter.1}% 8
\BOOKMARK [1][-]{section.1.5}{Brief Methodology of the project}{chapter.1}% 9
\BOOKMARK [1][-]{section.1.6}{Assumptions made / Constraints of the project}{chapter.1}% 10
\BOOKMARK [1][-]{section.1.7}{Organization of the report}{chapter.1}% 11
\BOOKMARK [0][-]{chapter.2}{Convolutional Neural Networks \(CNN\)}{}% 12
\BOOKMARK [1][-]{section.2.1}{Introduction to cnn}{chapter.2}% 13
\BOOKMARK [1][-]{section.2.2}{Working of cnn}{chapter.2}% 14
\BOOKMARK [2][-]{subsection.2.2.1}{Convolution Layer}{section.2.2}% 15
\BOOKMARK [2][-]{subsection.2.2.2}{Pooling Layer}{section.2.2}% 16
\BOOKMARK [2][-]{subsection.2.2.3}{Fully Connected Layer}{section.2.2}% 17
\BOOKMARK [1][-]{section.2.3}{Other parameters associated with cnn layers}{chapter.2}% 18
\BOOKMARK [2][-]{subsection.2.3.1}{Stride}{section.2.3}% 19
\BOOKMARK [2][-]{subsection.2.3.2}{Padding}{section.2.3}% 20
\BOOKMARK [2][-]{subsection.2.3.3}{Non Linear Activation function}{section.2.3}% 21
\BOOKMARK [0][-]{chapter.3}{Object Detection using Faster R\205CNN}{}% 22
\BOOKMARK [1][-]{section.3.1}{Introduction to Object Detection}{chapter.3}% 23
\BOOKMARK [1][-]{section.3.2}{Introduction to rcn}{chapter.3}% 24
\BOOKMARK [1][-]{section.3.3}{Software Setup}{chapter.3}% 25
\BOOKMARK [1][-]{section.3.4}{Text Detection model using rcn}{chapter.3}% 26
\BOOKMARK [0][-]{chapter.4}{Denoising Autoencoder}{}% 27
\BOOKMARK [1][-]{section.4.1}{Autoencoding}{chapter.4}% 28
\BOOKMARK [1][-]{section.4.2}{da}{chapter.4}% 29
\BOOKMARK [1][-]{section.4.3}{Software Setup}{chapter.4}% 30
\BOOKMARK [1][-]{section.4.4}{da model summary}{chapter.4}% 31
\BOOKMARK [1][-]{section.4.5}{Training details}{chapter.4}% 32
\BOOKMARK [0][-]{chapter.5}{Text Extraction and Summarization}{}% 33
\BOOKMARK [1][-]{section.5.1}{Text extraction}{chapter.5}% 34
\BOOKMARK [1][-]{section.5.2}{Summarization}{chapter.5}% 35
\BOOKMARK [0][-]{chapter.6}{Results \046 Discussions}{}% 36
\BOOKMARK [1][-]{section.6.1}{Object detection model}{chapter.6}% 37
\BOOKMARK [2][-]{subsection.6.1.1}{Training details}{section.6.1}% 38
\BOOKMARK [2][-]{subsection.6.1.2}{Accuracy}{section.6.1}% 39
\BOOKMARK [2][-]{subsection.6.1.3}{Result obtained}{section.6.1}% 40
\BOOKMARK [1][-]{section.6.2}{Denoising Autoencoder}{chapter.6}% 41
\BOOKMARK [2][-]{subsection.6.2.1}{Training details}{section.6.2}% 42
\BOOKMARK [2][-]{subsection.6.2.2}{Training and validation accuracy}{section.6.2}% 43
\BOOKMARK [2][-]{subsection.6.2.3}{Training and validation loss}{section.6.2}% 44
\BOOKMARK [2][-]{subsection.6.2.4}{Result obtained}{section.6.2}% 45
\BOOKMARK [1][-]{section.6.3}{Text Extraction}{chapter.6}% 46
\BOOKMARK [2][-]{subsection.6.3.1}{Text extraction for pure image}{section.6.3}% 47
\BOOKMARK [2][-]{subsection.6.3.2}{Text extraction for blurred image}{section.6.3}% 48
\BOOKMARK [2][-]{subsection.6.3.3}{Text extraction for deblurred image}{section.6.3}% 49
\BOOKMARK [1][-]{section.6.4}{Summarization}{chapter.6}% 50
\BOOKMARK [2][-]{subsection.6.4.1}{Summarization of text extracted from pure slides}{section.6.4}% 51
\BOOKMARK [2][-]{subsection.6.4.2}{Summarization of text extracted from deblurred slides}{section.6.4}% 52
\BOOKMARK [0][-]{chapter.7}{Conclusion and Future Scope}{}% 53
\BOOKMARK [1][-]{section.7.1}{Conclusion}{chapter.7}% 54
\BOOKMARK [1][-]{section.7.2}{Future Scope}{chapter.7}% 55
\BOOKMARK [1][-]{section.7.3}{Learning Outcomes of the Project}{chapter.7}% 56
